<?xml version="1.0" encoding="UTF-8"?>
<!-- Generated by org.testng.reporters.JUnitXMLReporter -->
<testsuite ignored="0" hostname="Mickey" failures="0" tests="3" name="AppointmentBookingTests" time="54.914" errors="0" timestamp="2026-04-16T10:35:20 IST">
  <testcase classname="com.srm.hackathon.curahealth.tests.AppointmentBookingTest" name="testBookAppointment" time="4.478"/>
  <testcase classname="com.srm.hackathon.curahealth.tests.AppointmentBookingTest" name="testBookAppointment" time="6.855"/>
  <testcase classname="com.srm.hackathon.curahealth.tests.AppointmentBookingTest" name="testPastDateValidation" time="4.334"/>
</testsuite> <!-- AppointmentBookingTests -->
