<?xml version="1.0" encoding="UTF-8"?>
<!-- Generated by org.testng.reporters.JUnitXMLReporter -->
<testsuite ignored="0" hostname="Mickey" failures="0" tests="3" name="AppointmentBookingTests" time="34.243" errors="0" timestamp="2026-04-16T10:11:14 IST">
  <testcase classname="com.srm.hackathon.curahealth.tests.AppointmentBookingTest" name="testBookAppointment" time="7.779"/>
  <testcase classname="com.srm.hackathon.curahealth.tests.AppointmentBookingTest" name="testBookAppointment" time="3.694"/>
  <testcase classname="com.srm.hackathon.curahealth.tests.AppointmentBookingTest" name="testPastDateValidation" time="5.763"/>
</testsuite> <!-- AppointmentBookingTests -->
