<?xml version="1.0" encoding="UTF-8"?>
<!-- Generated by org.testng.reporters.JUnitXMLReporter -->
<testsuite ignored="0" hostname="Mickey" failures="0" tests="5" name="AuthenticationTests" time="148.594" errors="0" timestamp="2026-04-16T10:36:54 IST">
  <testcase classname="com.srm.hackathon.curahealth.tests.AuthenticationTest" name="testLogin" time="3.481"/>
  <testcase classname="com.srm.hackathon.curahealth.tests.AuthenticationTest" name="testLogin" time="3.041"/>
  <testcase classname="com.srm.hackathon.curahealth.tests.AuthenticationTest" name="testLogin" time="1.783"/>
  <testcase classname="com.srm.hackathon.curahealth.tests.AuthenticationTest" name="testLogout" time="3.491"/>
  <testcase classname="com.srm.hackathon.curahealth.tests.AuthenticationTest" name="testUnauthorizedAccess" time="1.099"/>
</testsuite> <!-- AuthenticationTests -->
