<?xml version="1.0" encoding="UTF-8"?>
<!-- Generated by org.testng.reporters.JUnitXMLReporter -->
<testsuite ignored="0" hostname="Mickey" failures="0" tests="4" name="FormValidationTests" time="48.317" errors="0" timestamp="2026-04-16T10:35:13 IST">
  <testcase classname="com.srm.hackathon.curahealth.tests.FormValidationTest" name="testEmptyDateValidation" time="4.898"/>
  <testcase classname="com.srm.hackathon.curahealth.tests.FormValidationTest" name="testEmptyLogin" time="2.401"/>
  <testcase classname="com.srm.hackathon.curahealth.tests.FormValidationTest" name="testLongComment" time="7.239"/>
  <testcase classname="com.srm.hackathon.curahealth.tests.FormValidationTest" name="testLongComment" time="6.249"/>
</testsuite> <!-- FormValidationTests -->
