<?xml version="1.0" encoding="UTF-8"?>
<!-- Generated by org.testng.reporters.JUnitXMLReporter -->
<testsuite ignored="0" hostname="Mickey" failures="0" tests="5" name="Default test" time="54.696" errors="0" timestamp="2026-04-15T17:30:11 IST">
  <testcase classname="com.srm.hackathon.curahealth.tests.LoginTest" name="testLogin" time="3.164"/>
  <testcase classname="com.srm.hackathon.curahealth.tests.LoginTest" name="testLogin" time="2.823"/>
  <testcase classname="com.srm.hackathon.curahealth.tests.LoginTest" name="testLogin" time="2.939"/>
  <testcase classname="com.srm.hackathon.curahealth.tests.LoginTest" name="testLogout" time="4.07"/>
  <testcase classname="com.srm.hackathon.curahealth.tests.LoginTest" name="testUnauthorizedAccess" time="0.866"/>
</testsuite> <!-- Default test -->
