<?xml version="1.0" encoding="UTF-8"?>
<!-- Generated by org.testng.reporters.JUnitXMLReporter -->
<testsuite ignored="1" hostname="Mickey" failures="0" tests="2" name="Default test" time="21.582" errors="0" timestamp="2026-04-16T10:08:00 IST">
  <testcase classname="com.srm.hackathon.curahealth.tests.AppointmentBookingTest" name="testBookAppointment" time="5.704"/>
  <testcase classname="com.srm.hackathon.curahealth.tests.AppointmentBookingTest" name="testBookAppointment" time="3.385"/>
  <testcase classname="com.srm.hackathon.curahealth.tests.AppointmentBookingTest" name="testPastDateValidation" time="0.0">
    <ignored/>
  </testcase> <!-- testPastDateValidation -->
</testsuite> <!-- Default test -->
