<?xml version="1.0" encoding="UTF-8"?>
<testng-results ignored="0" total="14" passed="14" failed="0" skipped="0">
  <reporter-output>
  </reporter-output>
  <suite started-at="2026-04-16T10:34:25 IST" name="CuraHealthSuite" finished-at="2026-04-16T10:36:53 IST" duration-ms="148594">
    <groups>
    </groups>
    <test started-at="2026-04-16T10:34:25 IST" name="AppointmentHistoryTests" finished-at="2026-04-16T10:34:47 IST" duration-ms="21991">
      <class name="com.srm.hackathon.curahealth.tests.AppointmentHistoryTest">
        <test-method is-config="true" signature="setUp()[pri:0, instance:com.srm.hackathon.curahealth.tests.AppointmentHistoryTest@5b7a7f33]" started-at="2026-04-16T10:34:25 IST" name="setUp" finished-at="2026-04-16T10:34:37 IST" duration-ms="12437" status="PASS">
          <reporter-output>
          </reporter-output>
        </test-method> <!-- setUp -->
        <test-method signature="testAppointmentHistory()[pri:0, instance:com.srm.hackathon.curahealth.tests.AppointmentHistoryTest@5b7a7f33]" started-at="2026-04-16T10:34:37 IST" name="testAppointmentHistory" finished-at="2026-04-16T10:34:47 IST" duration-ms="9154" status="PASS">
          <reporter-output>
          </reporter-output>
        </test-method> <!-- testAppointmentHistory -->
        <test-method is-config="true" signature="tearDown()[pri:0, instance:com.srm.hackathon.curahealth.tests.AppointmentHistoryTest@5b7a7f33]" started-at="2026-04-16T10:34:47 IST" name="tearDown" finished-at="2026-04-16T10:34:47 IST" duration-ms="323" status="PASS">
          <reporter-output>
          </reporter-output>
        </test-method> <!-- tearDown -->
      </class> <!-- com.srm.hackathon.curahealth.tests.AppointmentHistoryTest -->
    </test> <!-- AppointmentHistoryTests -->
    <test started-at="2026-04-16T10:34:25 IST" name="MultipleAppointmentsTests" finished-at="2026-04-16T10:35:04 IST" duration-ms="38860">
      <class name="com.srm.hackathon.curahealth.tests.MultipleAppointmentsTest">
        <test-method is-config="true" signature="setUp()[pri:0, instance:com.srm.hackathon.curahealth.tests.MultipleAppointmentsTest@4b8d604b]" started-at="2026-04-16T10:34:25 IST" name="setUp" finished-at="2026-04-16T10:34:49 IST" duration-ms="23839" status="PASS">
          <reporter-output>
          </reporter-output>
        </test-method> <!-- setUp -->
        <test-method signature="testMultipleAppointments()[pri:0, instance:com.srm.hackathon.curahealth.tests.MultipleAppointmentsTest@4b8d604b]" started-at="2026-04-16T10:34:49 IST" name="testMultipleAppointments" finished-at="2026-04-16T10:35:00 IST" duration-ms="11650" status="PASS">
          <reporter-output>
          </reporter-output>
        </test-method> <!-- testMultipleAppointments -->
        <test-method is-config="true" signature="tearDown()[pri:0, instance:com.srm.hackathon.curahealth.tests.MultipleAppointmentsTest@4b8d604b]" started-at="2026-04-16T10:35:00 IST" name="tearDown" finished-at="2026-04-16T10:35:04 IST" duration-ms="3303" status="PASS">
          <reporter-output>
          </reporter-output>
        </test-method> <!-- tearDown -->
      </class> <!-- com.srm.hackathon.curahealth.tests.MultipleAppointmentsTest -->
    </test> <!-- MultipleAppointmentsTests -->
    <test started-at="2026-04-16T10:34:25 IST" name="FormValidationTests" finished-at="2026-04-16T10:35:13 IST" duration-ms="48317">
      <class name="com.srm.hackathon.curahealth.tests.FormValidationTest">
        <test-method is-config="true" signature="setUp()[pri:0, instance:com.srm.hackathon.curahealth.tests.FormValidationTest@50378a4]" started-at="2026-04-16T10:34:25 IST" name="setUp" finished-at="2026-04-16T10:34:40 IST" duration-ms="14571" status="PASS">
          <reporter-output>
          </reporter-output>
        </test-method> <!-- setUp -->
        <test-method signature="testEmptyDateValidation()[pri:0, instance:com.srm.hackathon.curahealth.tests.FormValidationTest@50378a4]" started-at="2026-04-16T10:34:40 IST" name="testEmptyDateValidation" finished-at="2026-04-16T10:34:44 IST" duration-ms="4898" status="PASS">
          <reporter-output>
          </reporter-output>
        </test-method> <!-- testEmptyDateValidation -->
        <test-method is-config="true" signature="tearDown()[pri:0, instance:com.srm.hackathon.curahealth.tests.FormValidationTest@50378a4]" started-at="2026-04-16T10:34:44 IST" name="tearDown" finished-at="2026-04-16T10:34:45 IST" duration-ms="417" status="PASS">
          <reporter-output>
          </reporter-output>
        </test-method> <!-- tearDown -->
        <test-method is-config="true" signature="setUp()[pri:0, instance:com.srm.hackathon.curahealth.tests.FormValidationTest@50378a4]" started-at="2026-04-16T10:34:45 IST" name="setUp" finished-at="2026-04-16T10:34:49 IST" duration-ms="4032" status="PASS">
          <reporter-output>
          </reporter-output>
        </test-method> <!-- setUp -->
        <test-method signature="testEmptyLogin()[pri:0, instance:com.srm.hackathon.curahealth.tests.FormValidationTest@50378a4]" started-at="2026-04-16T10:34:49 IST" name="testEmptyLogin" finished-at="2026-04-16T10:34:51 IST" duration-ms="2401" status="PASS">
          <reporter-output>
          </reporter-output>
        </test-method> <!-- testEmptyLogin -->
        <test-method is-config="true" signature="tearDown()[pri:0, instance:com.srm.hackathon.curahealth.tests.FormValidationTest@50378a4]" started-at="2026-04-16T10:34:51 IST" name="tearDown" finished-at="2026-04-16T10:34:52 IST" duration-ms="235" status="PASS">
          <reporter-output>
          </reporter-output>
        </test-method> <!-- tearDown -->
        <test-method is-config="true" signature="setUp()[pri:0, instance:com.srm.hackathon.curahealth.tests.FormValidationTest@50378a4]" started-at="2026-04-16T10:34:52 IST" name="setUp" finished-at="2026-04-16T10:34:57 IST" duration-ms="5009" status="PASS">
          <reporter-output>
          </reporter-output>
        </test-method> <!-- setUp -->
        <test-method signature="testLongComment(com.google.gson.JsonObject)[pri:0, instance:com.srm.hackathon.curahealth.tests.FormValidationTest@50378a4]" started-at="2026-04-16T10:34:57 IST" name="testLongComment" data-provider="appointmentData" finished-at="2026-04-16T10:35:04 IST" duration-ms="7239" status="PASS">
          <params>
            <param index="0">
              <value>
                <![CDATA[{"facility":"Hongkong CURA Healthcare Center","program":"Medicare","date":"30/04/2026","comment":"Test Booking"}]]>
              </value>
            </param>
          </params>
          <reporter-output>
          </reporter-output>
        </test-method> <!-- testLongComment -->
        <test-method is-config="true" signature="tearDown()[pri:0, instance:com.srm.hackathon.curahealth.tests.FormValidationTest@50378a4]" started-at="2026-04-16T10:35:04 IST" name="tearDown" finished-at="2026-04-16T10:35:04 IST" duration-ms="328" status="PASS">
          <reporter-output>
          </reporter-output>
        </test-method> <!-- tearDown -->
        <test-method is-config="true" signature="setUp()[pri:0, instance:com.srm.hackathon.curahealth.tests.FormValidationTest@50378a4]" started-at="2026-04-16T10:35:04 IST" name="setUp" finished-at="2026-04-16T10:35:07 IST" duration-ms="2671" status="PASS">
          <reporter-output>
          </reporter-output>
        </test-method> <!-- setUp -->
        <test-method signature="testLongComment(com.google.gson.JsonObject)[pri:0, instance:com.srm.hackathon.curahealth.tests.FormValidationTest@50378a4]" started-at="2026-04-16T10:35:07 IST" name="testLongComment" data-provider="appointmentData" finished-at="2026-04-16T10:35:13 IST" duration-ms="6249" status="PASS">
          <params>
            <param index="0">
              <value>
                <![CDATA[{"facility":"Tokyo CURA Healthcare Center","program":"Medicaid","date":"25/04/2026","comment":"History Test"}]]>
              </value>
            </param>
          </params>
          <reporter-output>
          </reporter-output>
        </test-method> <!-- testLongComment -->
        <test-method is-config="true" signature="tearDown()[pri:0, instance:com.srm.hackathon.curahealth.tests.FormValidationTest@50378a4]" started-at="2026-04-16T10:35:13 IST" name="tearDown" finished-at="2026-04-16T10:35:13 IST" duration-ms="178" status="PASS">
          <reporter-output>
          </reporter-output>
        </test-method> <!-- tearDown -->
      </class> <!-- com.srm.hackathon.curahealth.tests.FormValidationTest -->
    </test> <!-- FormValidationTests -->
    <test started-at="2026-04-16T10:34:25 IST" name="AppointmentBookingTests" finished-at="2026-04-16T10:35:20 IST" duration-ms="54914">
      <class name="com.srm.hackathon.curahealth.tests.AppointmentBookingTest">
        <test-method is-config="true" signature="setUp()[pri:0, instance:com.srm.hackathon.curahealth.tests.AppointmentBookingTest@72c8e7b]" started-at="2026-04-16T10:34:25 IST" name="setUp" finished-at="2026-04-16T10:34:41 IST" duration-ms="15752" status="PASS">
          <reporter-output>
          </reporter-output>
        </test-method> <!-- setUp -->
        <test-method signature="testBookAppointment(com.google.gson.JsonObject)[pri:0, instance:com.srm.hackathon.curahealth.tests.AppointmentBookingTest@72c8e7b]" started-at="2026-04-16T10:34:41 IST" name="testBookAppointment" data-provider="appointmentData" finished-at="2026-04-16T10:34:45 IST" duration-ms="4478" status="PASS">
          <params>
            <param index="0">
              <value>
                <![CDATA[{"facility":"Hongkong CURA Healthcare Center","program":"Medicare","date":"30/04/2026","comment":"Test Booking"}]]>
              </value>
            </param>
          </params>
          <reporter-output>
          </reporter-output>
        </test-method> <!-- testBookAppointment -->
        <test-method is-config="true" signature="tearDown()[pri:0, instance:com.srm.hackathon.curahealth.tests.AppointmentBookingTest@72c8e7b]" started-at="2026-04-16T10:34:45 IST" name="tearDown" finished-at="2026-04-16T10:34:46 IST" duration-ms="321" status="PASS">
          <reporter-output>
          </reporter-output>
        </test-method> <!-- tearDown -->
        <test-method is-config="true" signature="setUp()[pri:0, instance:com.srm.hackathon.curahealth.tests.AppointmentBookingTest@72c8e7b]" started-at="2026-04-16T10:34:46 IST" name="setUp" finished-at="2026-04-16T10:34:48 IST" duration-ms="2206" status="PASS">
          <reporter-output>
          </reporter-output>
        </test-method> <!-- setUp -->
        <test-method signature="testBookAppointment(com.google.gson.JsonObject)[pri:0, instance:com.srm.hackathon.curahealth.tests.AppointmentBookingTest@72c8e7b]" started-at="2026-04-16T10:34:48 IST" name="testBookAppointment" data-provider="appointmentData" finished-at="2026-04-16T10:34:55 IST" duration-ms="6855" status="PASS">
          <params>
            <param index="0">
              <value>
                <![CDATA[{"facility":"Tokyo CURA Healthcare Center","program":"Medicaid","date":"25/04/2026","comment":"History Test"}]]>
              </value>
            </param>
          </params>
          <reporter-output>
          </reporter-output>
        </test-method> <!-- testBookAppointment -->
        <test-method is-config="true" signature="tearDown()[pri:0, instance:com.srm.hackathon.curahealth.tests.AppointmentBookingTest@72c8e7b]" started-at="2026-04-16T10:34:55 IST" name="tearDown" finished-at="2026-04-16T10:34:55 IST" duration-ms="610" status="PASS">
          <reporter-output>
          </reporter-output>
        </test-method> <!-- tearDown -->
        <test-method is-config="true" signature="setUp()[pri:0, instance:com.srm.hackathon.curahealth.tests.AppointmentBookingTest@72c8e7b]" started-at="2026-04-16T10:34:55 IST" name="setUp" finished-at="2026-04-16T10:35:15 IST" duration-ms="20056" status="PASS">
          <reporter-output>
          </reporter-output>
        </test-method> <!-- setUp -->
        <test-method signature="testPastDateValidation()[pri:0, instance:com.srm.hackathon.curahealth.tests.AppointmentBookingTest@72c8e7b]" started-at="2026-04-16T10:35:15 IST" name="testPastDateValidation" finished-at="2026-04-16T10:35:20 IST" duration-ms="4334" status="PASS">
          <reporter-output>
          </reporter-output>
        </test-method> <!-- testPastDateValidation -->
        <test-method is-config="true" signature="tearDown()[pri:0, instance:com.srm.hackathon.curahealth.tests.AppointmentBookingTest@72c8e7b]" started-at="2026-04-16T10:35:20 IST" name="tearDown" finished-at="2026-04-16T10:35:20 IST" duration-ms="165" status="PASS">
          <reporter-output>
          </reporter-output>
        </test-method> <!-- tearDown -->
      </class> <!-- com.srm.hackathon.curahealth.tests.AppointmentBookingTest -->
    </test> <!-- AppointmentBookingTests -->
    <test started-at="2026-04-16T10:34:25 IST" name="AuthenticationTests" finished-at="2026-04-16T10:36:53 IST" duration-ms="148594">
      <class name="com.srm.hackathon.curahealth.tests.AuthenticationTest">
        <test-method is-config="true" signature="setUp()[pri:0, instance:com.srm.hackathon.curahealth.tests.AuthenticationTest@2cb4893b]" started-at="2026-04-16T10:34:27 IST" name="setUp" finished-at="2026-04-16T10:34:53 IST" duration-ms="26577" status="PASS">
          <reporter-output>
          </reporter-output>
        </test-method> <!-- setUp -->
        <test-method signature="testLogin(java.lang.String,java.lang.String,java.lang.String)[pri:0, instance:com.srm.hackathon.curahealth.tests.AuthenticationTest@2cb4893b]" started-at="2026-04-16T10:34:53 IST" name="testLogin" data-provider="loginData" finished-at="2026-04-16T10:34:57 IST" duration-ms="3481" status="PASS">
          <params>
            <param index="0">
              <value>
                <![CDATA[John Doe]]>
              </value>
            </param>
            <param index="1">
              <value>
                <![CDATA[ThisIsNotAPassword]]>
              </value>
            </param>
            <param index="2">
              <value>
                <![CDATA[valid]]>
              </value>
            </param>
          </params>
          <reporter-output>
          </reporter-output>
        </test-method> <!-- testLogin -->
        <test-method is-config="true" signature="tearDown()[pri:0, instance:com.srm.hackathon.curahealth.tests.AuthenticationTest@2cb4893b]" started-at="2026-04-16T10:34:57 IST" name="tearDown" finished-at="2026-04-16T10:34:57 IST" duration-ms="550" status="PASS">
          <reporter-output>
          </reporter-output>
        </test-method> <!-- tearDown -->
        <test-method is-config="true" signature="setUp()[pri:0, instance:com.srm.hackathon.curahealth.tests.AuthenticationTest@2cb4893b]" started-at="2026-04-16T10:34:57 IST" name="setUp" finished-at="2026-04-16T10:35:03 IST" duration-ms="6202" status="PASS">
          <reporter-output>
          </reporter-output>
        </test-method> <!-- setUp -->
        <test-method signature="testLogin(java.lang.String,java.lang.String,java.lang.String)[pri:0, instance:com.srm.hackathon.curahealth.tests.AuthenticationTest@2cb4893b]" started-at="2026-04-16T10:35:03 IST" name="testLogin" data-provider="loginData" finished-at="2026-04-16T10:35:06 IST" duration-ms="3041" status="PASS">
          <params>
            <param index="0">
              <value>
                <![CDATA[invalidUser]]>
              </value>
            </param>
            <param index="1">
              <value>
                <![CDATA[invalidPass]]>
              </value>
            </param>
            <param index="2">
              <value>
                <![CDATA[invalid]]>
              </value>
            </param>
          </params>
          <reporter-output>
          </reporter-output>
        </test-method> <!-- testLogin -->
        <test-method is-config="true" signature="tearDown()[pri:0, instance:com.srm.hackathon.curahealth.tests.AuthenticationTest@2cb4893b]" started-at="2026-04-16T10:35:06 IST" name="tearDown" finished-at="2026-04-16T10:35:07 IST" duration-ms="279" status="PASS">
          <reporter-output>
          </reporter-output>
        </test-method> <!-- tearDown -->
        <test-method is-config="true" signature="setUp()[pri:0, instance:com.srm.hackathon.curahealth.tests.AuthenticationTest@2cb4893b]" started-at="2026-04-16T10:35:07 IST" name="setUp" finished-at="2026-04-16T10:35:12 IST" duration-ms="5797" status="PASS">
          <reporter-output>
          </reporter-output>
        </test-method> <!-- setUp -->
        <test-method signature="testLogin(java.lang.String,java.lang.String,java.lang.String)[pri:0, instance:com.srm.hackathon.curahealth.tests.AuthenticationTest@2cb4893b]" started-at="2026-04-16T10:35:12 IST" name="testLogin" data-provider="loginData" finished-at="2026-04-16T10:35:14 IST" duration-ms="1783" status="PASS">
          <params>
            <param index="0">
              <value>
                <![CDATA[]]>
              </value>
            </param>
            <param index="1">
              <value>
                <![CDATA[]]>
              </value>
            </param>
            <param index="2">
              <value>
                <![CDATA[]]>
              </value>
            </param>
          </params>
          <reporter-output>
          </reporter-output>
        </test-method> <!-- testLogin -->
        <test-method is-config="true" signature="tearDown()[pri:0, instance:com.srm.hackathon.curahealth.tests.AuthenticationTest@2cb4893b]" started-at="2026-04-16T10:35:14 IST" name="tearDown" finished-at="2026-04-16T10:35:14 IST" duration-ms="124" status="PASS">
          <reporter-output>
          </reporter-output>
        </test-method> <!-- tearDown -->
        <test-method is-config="true" signature="setUp()[pri:0, instance:com.srm.hackathon.curahealth.tests.AuthenticationTest@2cb4893b]" started-at="2026-04-16T10:35:14 IST" name="setUp" finished-at="2026-04-16T10:35:19 IST" duration-ms="4474" status="PASS">
          <reporter-output>
          </reporter-output>
        </test-method> <!-- setUp -->
        <test-method signature="testLogout()[pri:0, instance:com.srm.hackathon.curahealth.tests.AuthenticationTest@2cb4893b]" started-at="2026-04-16T10:35:19 IST" name="testLogout" finished-at="2026-04-16T10:35:22 IST" duration-ms="3491" status="PASS">
          <reporter-output>
          </reporter-output>
        </test-method> <!-- testLogout -->
        <test-method is-config="true" signature="tearDown()[pri:0, instance:com.srm.hackathon.curahealth.tests.AuthenticationTest@2cb4893b]" started-at="2026-04-16T10:35:22 IST" name="tearDown" finished-at="2026-04-16T10:35:23 IST" duration-ms="197" status="PASS">
          <reporter-output>
          </reporter-output>
        </test-method> <!-- tearDown -->
        <test-method is-config="true" signature="setUp()[pri:0, instance:com.srm.hackathon.curahealth.tests.AuthenticationTest@2cb4893b]" started-at="2026-04-16T10:35:23 IST" name="setUp" finished-at="2026-04-16T10:36:52 IST" duration-ms="89687" status="PASS">
          <reporter-output>
          </reporter-output>
        </test-method> <!-- setUp -->
        <test-method signature="testUnauthorizedAccess()[pri:0, instance:com.srm.hackathon.curahealth.tests.AuthenticationTest@2cb4893b]" started-at="2026-04-16T10:36:52 IST" name="testUnauthorizedAccess" finished-at="2026-04-16T10:36:53 IST" duration-ms="1099" status="PASS">
          <reporter-output>
          </reporter-output>
        </test-method> <!-- testUnauthorizedAccess -->
        <test-method is-config="true" signature="tearDown()[pri:0, instance:com.srm.hackathon.curahealth.tests.AuthenticationTest@2cb4893b]" started-at="2026-04-16T10:36:53 IST" name="tearDown" finished-at="2026-04-16T10:36:53 IST" duration-ms="158" status="PASS">
          <reporter-output>
          </reporter-output>
        </test-method> <!-- tearDown -->
      </class> <!-- com.srm.hackathon.curahealth.tests.AuthenticationTest -->
    </test> <!-- AuthenticationTests -->
  </suite> <!-- CuraHealthSuite -->
</testng-results>
