<?xml version="1.0" encoding="UTF-8"?>
<testng-results ignored="0" total="13" passed="13" failed="0" skipped="0">
  <reporter-output>
  </reporter-output>
  <suite started-at="2026-04-16T10:10:39 IST" name="CuraHealthSuite" finished-at="2026-04-16T10:13:46 IST" duration-ms="186934">
    <groups>
    </groups>
    <test started-at="2026-04-16T10:10:39 IST" name="AppointmentHistoryTests" finished-at="2026-04-16T10:10:59 IST" duration-ms="19250">
      <class name="com.srm.hackathon.curahealth.tests.AppointmentHistoryTest">
        <test-method is-config="true" signature="setUp()[pri:0, instance:com.srm.hackathon.curahealth.tests.AppointmentHistoryTest@5b7a7f33]" started-at="2026-04-16T10:10:39 IST" name="setUp" finished-at="2026-04-16T10:10:47 IST" duration-ms="7701" status="PASS">
          <reporter-output>
          </reporter-output>
        </test-method> <!-- setUp -->
        <test-method signature="testAppointmentHistory()[pri:0, instance:com.srm.hackathon.curahealth.tests.AppointmentHistoryTest@5b7a7f33]" started-at="2026-04-16T10:10:47 IST" name="testAppointmentHistory" finished-at="2026-04-16T10:10:56 IST" duration-ms="8557" status="PASS">
          <reporter-output>
          </reporter-output>
        </test-method> <!-- testAppointmentHistory -->
        <test-method is-config="true" signature="tearDown()[pri:0, instance:com.srm.hackathon.curahealth.tests.AppointmentHistoryTest@5b7a7f33]" started-at="2026-04-16T10:10:56 IST" name="tearDown" finished-at="2026-04-16T10:10:59 IST" duration-ms="2903" status="PASS">
          <reporter-output>
          </reporter-output>
        </test-method> <!-- tearDown -->
      </class> <!-- com.srm.hackathon.curahealth.tests.AppointmentHistoryTest -->
    </test> <!-- AppointmentHistoryTests -->
    <test started-at="2026-04-16T10:10:39 IST" name="MultipleAppointmentsTests" finished-at="2026-04-16T10:11:00 IST" duration-ms="20655">
      <class name="com.srm.hackathon.curahealth.tests.MultipleAppointmentsTest">
        <test-method is-config="true" signature="setUp()[pri:0, instance:com.srm.hackathon.curahealth.tests.MultipleAppointmentsTest@4b8d604b]" started-at="2026-04-16T10:10:39 IST" name="setUp" finished-at="2026-04-16T10:10:47 IST" duration-ms="7182" status="PASS">
          <reporter-output>
          </reporter-output>
        </test-method> <!-- setUp -->
        <test-method signature="testMultipleAppointments()[pri:0, instance:com.srm.hackathon.curahealth.tests.MultipleAppointmentsTest@4b8d604b]" started-at="2026-04-16T10:10:47 IST" name="testMultipleAppointments" finished-at="2026-04-16T10:11:00 IST" duration-ms="13115" status="PASS">
          <reporter-output>
          </reporter-output>
        </test-method> <!-- testMultipleAppointments -->
        <test-method is-config="true" signature="tearDown()[pri:0, instance:com.srm.hackathon.curahealth.tests.MultipleAppointmentsTest@4b8d604b]" started-at="2026-04-16T10:11:00 IST" name="tearDown" finished-at="2026-04-16T10:11:00 IST" duration-ms="274" status="PASS">
          <reporter-output>
          </reporter-output>
        </test-method> <!-- tearDown -->
      </class> <!-- com.srm.hackathon.curahealth.tests.MultipleAppointmentsTest -->
    </test> <!-- MultipleAppointmentsTests -->
    <test started-at="2026-04-16T10:10:39 IST" name="AppointmentBookingTests" finished-at="2026-04-16T10:11:14 IST" duration-ms="34243">
      <class name="com.srm.hackathon.curahealth.tests.AppointmentBookingTest">
        <test-method is-config="true" signature="setUp()[pri:0, instance:com.srm.hackathon.curahealth.tests.AppointmentBookingTest@72c8e7b]" started-at="2026-04-16T10:10:40 IST" name="setUp" finished-at="2026-04-16T10:10:47 IST" duration-ms="7231" status="PASS">
          <reporter-output>
          </reporter-output>
        </test-method> <!-- setUp -->
        <test-method signature="testBookAppointment(com.google.gson.JsonObject)[pri:0, instance:com.srm.hackathon.curahealth.tests.AppointmentBookingTest@72c8e7b]" started-at="2026-04-16T10:10:47 IST" name="testBookAppointment" data-provider="appointmentData" finished-at="2026-04-16T10:10:55 IST" duration-ms="7779" status="PASS">
          <params>
            <param index="0">
              <value>
                <![CDATA[{"facility":"Hongkong CURA Healthcare Center","program":"Medicare","date":"30/04/2026","comment":"Test Booking"}]]>
              </value>
            </param>
          </params>
          <reporter-output>
          </reporter-output>
        </test-method> <!-- testBookAppointment -->
        <test-method is-config="true" signature="tearDown()[pri:0, instance:com.srm.hackathon.curahealth.tests.AppointmentBookingTest@72c8e7b]" started-at="2026-04-16T10:10:55 IST" name="tearDown" finished-at="2026-04-16T10:10:55 IST" duration-ms="381" status="PASS">
          <reporter-output>
          </reporter-output>
        </test-method> <!-- tearDown -->
        <test-method is-config="true" signature="setUp()[pri:0, instance:com.srm.hackathon.curahealth.tests.AppointmentBookingTest@72c8e7b]" started-at="2026-04-16T10:10:55 IST" name="setUp" finished-at="2026-04-16T10:11:00 IST" duration-ms="5020" status="PASS">
          <reporter-output>
          </reporter-output>
        </test-method> <!-- setUp -->
        <test-method signature="testBookAppointment(com.google.gson.JsonObject)[pri:0, instance:com.srm.hackathon.curahealth.tests.AppointmentBookingTest@72c8e7b]" started-at="2026-04-16T10:11:00 IST" name="testBookAppointment" data-provider="appointmentData" finished-at="2026-04-16T10:11:04 IST" duration-ms="3694" status="PASS">
          <params>
            <param index="0">
              <value>
                <![CDATA[{"facility":"Tokyo CURA Healthcare Center","program":"Medicaid","date":"25/04/2026","comment":"History Test"}]]>
              </value>
            </param>
          </params>
          <reporter-output>
          </reporter-output>
        </test-method> <!-- testBookAppointment -->
        <test-method is-config="true" signature="tearDown()[pri:0, instance:com.srm.hackathon.curahealth.tests.AppointmentBookingTest@72c8e7b]" started-at="2026-04-16T10:11:04 IST" name="tearDown" finished-at="2026-04-16T10:11:04 IST" duration-ms="182" status="PASS">
          <reporter-output>
          </reporter-output>
        </test-method> <!-- tearDown -->
        <test-method is-config="true" signature="setUp()[pri:0, instance:com.srm.hackathon.curahealth.tests.AppointmentBookingTest@72c8e7b]" started-at="2026-04-16T10:11:04 IST" name="setUp" finished-at="2026-04-16T10:11:08 IST" duration-ms="3829" status="PASS">
          <reporter-output>
          </reporter-output>
        </test-method> <!-- setUp -->
        <test-method signature="testPastDateValidation()[pri:0, instance:com.srm.hackathon.curahealth.tests.AppointmentBookingTest@72c8e7b]" started-at="2026-04-16T10:11:08 IST" name="testPastDateValidation" finished-at="2026-04-16T10:11:13 IST" duration-ms="5763" status="PASS">
          <reporter-output>
          </reporter-output>
        </test-method> <!-- testPastDateValidation -->
        <test-method is-config="true" signature="tearDown()[pri:0, instance:com.srm.hackathon.curahealth.tests.AppointmentBookingTest@72c8e7b]" started-at="2026-04-16T10:11:13 IST" name="tearDown" finished-at="2026-04-16T10:11:14 IST" duration-ms="206" status="PASS">
          <reporter-output>
          </reporter-output>
        </test-method> <!-- tearDown -->
      </class> <!-- com.srm.hackathon.curahealth.tests.AppointmentBookingTest -->
    </test> <!-- AppointmentBookingTests -->
    <test started-at="2026-04-16T10:10:39 IST" name="FormValidationTests" finished-at="2026-04-16T10:11:22 IST" duration-ms="42255">
      <class name="com.srm.hackathon.curahealth.tests.FormValidationTest">
        <test-method is-config="true" signature="setUp()[pri:0, instance:com.srm.hackathon.curahealth.tests.FormValidationTest@50378a4]" started-at="2026-04-16T10:10:39 IST" name="setUp" finished-at="2026-04-16T10:10:47 IST" duration-ms="7504" status="PASS">
          <reporter-output>
          </reporter-output>
        </test-method> <!-- setUp -->
        <test-method signature="testEmptyDateValidation()[pri:0, instance:com.srm.hackathon.curahealth.tests.FormValidationTest@50378a4]" started-at="2026-04-16T10:10:47 IST" name="testEmptyDateValidation" finished-at="2026-04-16T10:10:53 IST" duration-ms="6390" status="PASS">
          <reporter-output>
          </reporter-output>
        </test-method> <!-- testEmptyDateValidation -->
        <test-method is-config="true" signature="tearDown()[pri:0, instance:com.srm.hackathon.curahealth.tests.FormValidationTest@50378a4]" started-at="2026-04-16T10:10:53 IST" name="tearDown" finished-at="2026-04-16T10:10:54 IST" duration-ms="1030" status="PASS">
          <reporter-output>
          </reporter-output>
        </test-method> <!-- tearDown -->
        <test-method is-config="true" signature="setUp()[pri:0, instance:com.srm.hackathon.curahealth.tests.FormValidationTest@50378a4]" started-at="2026-04-16T10:10:54 IST" name="setUp" finished-at="2026-04-16T10:10:58 IST" duration-ms="3601" status="PASS">
          <reporter-output>
          </reporter-output>
        </test-method> <!-- setUp -->
        <test-method signature="testEmptyLogin()[pri:0, instance:com.srm.hackathon.curahealth.tests.FormValidationTest@50378a4]" started-at="2026-04-16T10:10:58 IST" name="testEmptyLogin" finished-at="2026-04-16T10:11:14 IST" duration-ms="15827" status="PASS">
          <reporter-output>
          </reporter-output>
        </test-method> <!-- testEmptyLogin -->
        <test-method is-config="true" signature="tearDown()[pri:0, instance:com.srm.hackathon.curahealth.tests.FormValidationTest@50378a4]" started-at="2026-04-16T10:11:14 IST" name="tearDown" finished-at="2026-04-16T10:11:14 IST" duration-ms="196" status="PASS">
          <reporter-output>
          </reporter-output>
        </test-method> <!-- tearDown -->
        <test-method is-config="true" signature="setUp()[pri:0, instance:com.srm.hackathon.curahealth.tests.FormValidationTest@50378a4]" started-at="2026-04-16T10:11:14 IST" name="setUp" finished-at="2026-04-16T10:11:17 IST" duration-ms="3343" status="PASS">
          <reporter-output>
          </reporter-output>
        </test-method> <!-- setUp -->
        <test-method signature="testLongComment()[pri:0, instance:com.srm.hackathon.curahealth.tests.FormValidationTest@50378a4]" started-at="2026-04-16T10:11:17 IST" name="testLongComment" finished-at="2026-04-16T10:11:21 IST" duration-ms="4102" status="PASS">
          <reporter-output>
          </reporter-output>
        </test-method> <!-- testLongComment -->
        <test-method is-config="true" signature="tearDown()[pri:0, instance:com.srm.hackathon.curahealth.tests.FormValidationTest@50378a4]" started-at="2026-04-16T10:11:21 IST" name="tearDown" finished-at="2026-04-16T10:11:22 IST" duration-ms="170" status="PASS">
          <reporter-output>
          </reporter-output>
        </test-method> <!-- tearDown -->
      </class> <!-- com.srm.hackathon.curahealth.tests.FormValidationTest -->
    </test> <!-- FormValidationTests -->
    <test started-at="2026-04-16T10:10:39 IST" name="AuthenticationTests" finished-at="2026-04-16T10:13:46 IST" duration-ms="186933">
      <class name="com.srm.hackathon.curahealth.tests.AuthenticationTest">
        <test-method is-config="true" signature="setUp()[pri:0, instance:com.srm.hackathon.curahealth.tests.AuthenticationTest@2cb4893b]" started-at="2026-04-16T10:10:42 IST" name="setUp" finished-at="2026-04-16T10:10:47 IST" duration-ms="5784" status="PASS">
          <reporter-output>
          </reporter-output>
        </test-method> <!-- setUp -->
        <test-method signature="testLogin(java.lang.String,java.lang.String,java.lang.String)[pri:0, instance:com.srm.hackathon.curahealth.tests.AuthenticationTest@2cb4893b]" started-at="2026-04-16T10:10:47 IST" name="testLogin" data-provider="loginData" finished-at="2026-04-16T10:10:52 IST" duration-ms="4732" status="PASS">
          <params>
            <param index="0">
              <value>
                <![CDATA[John Doe]]>
              </value>
            </param>
            <param index="1">
              <value>
                <![CDATA[ThisIsNotAPassword]]>
              </value>
            </param>
            <param index="2">
              <value>
                <![CDATA[valid]]>
              </value>
            </param>
          </params>
          <reporter-output>
          </reporter-output>
        </test-method> <!-- testLogin -->
        <test-method is-config="true" signature="tearDown()[pri:0, instance:com.srm.hackathon.curahealth.tests.AuthenticationTest@2cb4893b]" started-at="2026-04-16T10:10:52 IST" name="tearDown" finished-at="2026-04-16T10:10:54 IST" duration-ms="2023" status="PASS">
          <reporter-output>
          </reporter-output>
        </test-method> <!-- tearDown -->
        <test-method is-config="true" signature="setUp()[pri:0, instance:com.srm.hackathon.curahealth.tests.AuthenticationTest@2cb4893b]" started-at="2026-04-16T10:10:54 IST" name="setUp" finished-at="2026-04-16T10:11:01 IST" duration-ms="6950" status="PASS">
          <reporter-output>
          </reporter-output>
        </test-method> <!-- setUp -->
        <test-method signature="testLogin(java.lang.String,java.lang.String,java.lang.String)[pri:0, instance:com.srm.hackathon.curahealth.tests.AuthenticationTest@2cb4893b]" started-at="2026-04-16T10:11:01 IST" name="testLogin" data-provider="loginData" finished-at="2026-04-16T10:11:04 IST" duration-ms="2602" status="PASS">
          <params>
            <param index="0">
              <value>
                <![CDATA[invalidUser]]>
              </value>
            </param>
            <param index="1">
              <value>
                <![CDATA[invalidPass]]>
              </value>
            </param>
            <param index="2">
              <value>
                <![CDATA[invalid]]>
              </value>
            </param>
          </params>
          <reporter-output>
          </reporter-output>
        </test-method> <!-- testLogin -->
        <test-method is-config="true" signature="tearDown()[pri:0, instance:com.srm.hackathon.curahealth.tests.AuthenticationTest@2cb4893b]" started-at="2026-04-16T10:11:04 IST" name="tearDown" finished-at="2026-04-16T10:11:04 IST" duration-ms="177" status="PASS">
          <reporter-output>
          </reporter-output>
        </test-method> <!-- tearDown -->
        <test-method is-config="true" signature="setUp()[pri:0, instance:com.srm.hackathon.curahealth.tests.AuthenticationTest@2cb4893b]" started-at="2026-04-16T10:11:04 IST" name="setUp" finished-at="2026-04-16T10:11:07 IST" duration-ms="2548" status="PASS">
          <reporter-output>
          </reporter-output>
        </test-method> <!-- setUp -->
        <test-method signature="testLogin(java.lang.String,java.lang.String,java.lang.String)[pri:0, instance:com.srm.hackathon.curahealth.tests.AuthenticationTest@2cb4893b]" started-at="2026-04-16T10:11:07 IST" name="testLogin" data-provider="loginData" finished-at="2026-04-16T10:11:11 IST" duration-ms="4335" status="PASS">
          <params>
            <param index="0">
              <value>
                <![CDATA[]]>
              </value>
            </param>
            <param index="1">
              <value>
                <![CDATA[]]>
              </value>
            </param>
            <param index="2">
              <value>
                <![CDATA[]]>
              </value>
            </param>
          </params>
          <reporter-output>
          </reporter-output>
        </test-method> <!-- testLogin -->
        <test-method is-config="true" signature="tearDown()[pri:0, instance:com.srm.hackathon.curahealth.tests.AuthenticationTest@2cb4893b]" started-at="2026-04-16T10:11:11 IST" name="tearDown" finished-at="2026-04-16T10:11:11 IST" duration-ms="243" status="PASS">
          <reporter-output>
          </reporter-output>
        </test-method> <!-- tearDown -->
        <test-method is-config="true" signature="setUp()[pri:0, instance:com.srm.hackathon.curahealth.tests.AuthenticationTest@2cb4893b]" started-at="2026-04-16T10:11:11 IST" name="setUp" finished-at="2026-04-16T10:13:34 IST" duration-ms="142927" status="PASS">
          <reporter-output>
          </reporter-output>
        </test-method> <!-- setUp -->
        <test-method signature="testLogout()[pri:0, instance:com.srm.hackathon.curahealth.tests.AuthenticationTest@2cb4893b]" started-at="2026-04-16T10:13:34 IST" name="testLogout" finished-at="2026-04-16T10:13:42 IST" duration-ms="8050" status="PASS">
          <reporter-output>
          </reporter-output>
        </test-method> <!-- testLogout -->
        <test-method is-config="true" signature="tearDown()[pri:0, instance:com.srm.hackathon.curahealth.tests.AuthenticationTest@2cb4893b]" started-at="2026-04-16T10:13:42 IST" name="tearDown" finished-at="2026-04-16T10:13:42 IST" duration-ms="130" status="PASS">
          <reporter-output>
          </reporter-output>
        </test-method> <!-- tearDown -->
        <test-method is-config="true" signature="setUp()[pri:0, instance:com.srm.hackathon.curahealth.tests.AuthenticationTest@2cb4893b]" started-at="2026-04-16T10:13:42 IST" name="setUp" finished-at="2026-04-16T10:13:46 IST" duration-ms="3401" status="PASS">
          <reporter-output>
          </reporter-output>
        </test-method> <!-- setUp -->
        <test-method signature="testUnauthorizedAccess()[pri:0, instance:com.srm.hackathon.curahealth.tests.AuthenticationTest@2cb4893b]" started-at="2026-04-16T10:13:46 IST" name="testUnauthorizedAccess" finished-at="2026-04-16T10:13:46 IST" duration-ms="542" status="PASS">
          <reporter-output>
          </reporter-output>
        </test-method> <!-- testUnauthorizedAccess -->
        <test-method is-config="true" signature="tearDown()[pri:0, instance:com.srm.hackathon.curahealth.tests.AuthenticationTest@2cb4893b]" started-at="2026-04-16T10:13:46 IST" name="tearDown" finished-at="2026-04-16T10:13:46 IST" duration-ms="124" status="PASS">
          <reporter-output>
          </reporter-output>
        </test-method> <!-- tearDown -->
      </class> <!-- com.srm.hackathon.curahealth.tests.AuthenticationTest -->
    </test> <!-- AuthenticationTests -->
  </suite> <!-- CuraHealthSuite -->
</testng-results>
