<?xml version="1.0" encoding="UTF-8"?>
<!-- Generated by org.testng.reporters.JUnitXMLReporter -->
<testsuite ignored="0" hostname="Mickey" failures="0" tests="3" name="AppointmentBookingTests" time="27.098" errors="0" timestamp="2026-04-16T10:38:48 IST">
  <testcase classname="com.srm.hackathon.curahealth.tests.AppointmentBookingTest" name="testBookAppointment" time="5.164"/>
  <testcase classname="com.srm.hackathon.curahealth.tests.AppointmentBookingTest" name="testBookAppointment" time="4.517"/>
  <testcase classname="com.srm.hackathon.curahealth.tests.AppointmentBookingTest" name="testPastDateValidation" time="2.668"/>
</testsuite> <!-- AppointmentBookingTests -->
