<?xml version="1.0" encoding="UTF-8"?>
<!-- Generated by org.testng.reporters.JUnitXMLReporter -->
<testsuite ignored="0" hostname="Mickey" failures="0" tests="5" name="AuthenticationTests" time="40.389" errors="0" timestamp="2026-04-16T10:39:01 IST">
  <testcase classname="com.srm.hackathon.curahealth.tests.AuthenticationTest" name="testLogin" time="2.542"/>
  <testcase classname="com.srm.hackathon.curahealth.tests.AuthenticationTest" name="testLogin" time="2.657"/>
  <testcase classname="com.srm.hackathon.curahealth.tests.AuthenticationTest" name="testLogin" time="2.103"/>
  <testcase classname="com.srm.hackathon.curahealth.tests.AuthenticationTest" name="testLogout" time="2.91"/>
  <testcase classname="com.srm.hackathon.curahealth.tests.AuthenticationTest" name="testUnauthorizedAccess" time="0.777"/>
</testsuite> <!-- AuthenticationTests -->
