<?xml version="1.0" encoding="UTF-8"?>
<!-- Generated by org.testng.reporters.JUnitXMLReporter -->
<testsuite ignored="0" hostname="Mickey" failures="0" tests="3" name="FormValidationTests" time="27.071" errors="0" timestamp="2026-04-16T10:14:51 IST">
  <testcase classname="com.srm.hackathon.curahealth.tests.FormValidationTest" name="testEmptyDateValidation" time="3.111"/>
  <testcase classname="com.srm.hackathon.curahealth.tests.FormValidationTest" name="testEmptyLogin" time="2.691"/>
  <testcase classname="com.srm.hackathon.curahealth.tests.FormValidationTest" name="testLongComment" time="4.226"/>
</testsuite> <!-- FormValidationTests -->
