<?xml version="1.0" encoding="UTF-8"?>
<testng-results ignored="0" total="4" passed="3" failed="1" skipped="0">
  <reporter-output>
  </reporter-output>
  <suite started-at="2026-04-15T19:11:55 IST" name="Default suite" finished-at="2026-04-15T19:12:38 IST" duration-ms="43003">
    <groups>
    </groups>
    <test started-at="2026-04-15T19:11:55 IST" name="Default test" finished-at="2026-04-15T19:12:38 IST" duration-ms="43003">
      <class name="com.srm.hackathon.curahealth.tests.AppointmentTest">
        <test-method is-config="true" signature="setUp()[pri:0, instance:com.srm.hackathon.curahealth.tests.AppointmentTest@45752059]" started-at="2026-04-15T19:11:55 IST" name="setUp" finished-at="2026-04-15T19:12:13 IST" duration-ms="18163" status="PASS">
          <reporter-output>
          </reporter-output>
        </test-method> <!-- setUp -->
        <test-method signature="testAppointmentHistory()[pri:0, instance:com.srm.hackathon.curahealth.tests.AppointmentTest@45752059]" started-at="2026-04-15T19:12:13 IST" name="testAppointmentHistory" finished-at="2026-04-15T19:12:16 IST" duration-ms="2902" status="PASS">
          <reporter-output>
          </reporter-output>
        </test-method> <!-- testAppointmentHistory -->
        <test-method is-config="true" signature="tearDown()[pri:0, instance:com.srm.hackathon.curahealth.tests.AppointmentTest@45752059]" started-at="2026-04-15T19:12:16 IST" name="tearDown" finished-at="2026-04-15T19:12:16 IST" duration-ms="186" status="PASS">
          <reporter-output>
          </reporter-output>
        </test-method> <!-- tearDown -->
        <test-method is-config="true" signature="setUp()[pri:0, instance:com.srm.hackathon.curahealth.tests.AppointmentTest@45752059]" started-at="2026-04-15T19:12:16 IST" name="setUp" finished-at="2026-04-15T19:12:20 IST" duration-ms="3844" status="PASS">
          <reporter-output>
          </reporter-output>
        </test-method> <!-- setUp -->
        <test-method signature="testBookAppointment()[pri:0, instance:com.srm.hackathon.curahealth.tests.AppointmentTest@45752059]" started-at="2026-04-15T19:12:20 IST" name="testBookAppointment" finished-at="2026-04-15T19:12:23 IST" duration-ms="2982" status="PASS">
          <reporter-output>
          </reporter-output>
        </test-method> <!-- testBookAppointment -->
        <test-method is-config="true" signature="tearDown()[pri:0, instance:com.srm.hackathon.curahealth.tests.AppointmentTest@45752059]" started-at="2026-04-15T19:12:23 IST" name="tearDown" finished-at="2026-04-15T19:12:23 IST" duration-ms="136" status="PASS">
          <reporter-output>
          </reporter-output>
        </test-method> <!-- tearDown -->
        <test-method is-config="true" signature="setUp()[pri:0, instance:com.srm.hackathon.curahealth.tests.AppointmentTest@45752059]" started-at="2026-04-15T19:12:23 IST" name="setUp" finished-at="2026-04-15T19:12:27 IST" duration-ms="3542" status="PASS">
          <reporter-output>
          </reporter-output>
        </test-method> <!-- setUp -->
        <test-method signature="testMultipleAppointments()[pri:0, instance:com.srm.hackathon.curahealth.tests.AppointmentTest@45752059]" started-at="2026-04-15T19:12:27 IST" name="testMultipleAppointments" finished-at="2026-04-15T19:12:31 IST" duration-ms="4605" status="PASS">
          <reporter-output>
          </reporter-output>
        </test-method> <!-- testMultipleAppointments -->
        <test-method is-config="true" signature="tearDown()[pri:0, instance:com.srm.hackathon.curahealth.tests.AppointmentTest@45752059]" started-at="2026-04-15T19:12:31 IST" name="tearDown" finished-at="2026-04-15T19:12:32 IST" duration-ms="165" status="PASS">
          <reporter-output>
          </reporter-output>
        </test-method> <!-- tearDown -->
        <test-method is-config="true" signature="setUp()[pri:0, instance:com.srm.hackathon.curahealth.tests.AppointmentTest@45752059]" started-at="2026-04-15T19:12:32 IST" name="setUp" finished-at="2026-04-15T19:12:35 IST" duration-ms="3377" status="PASS">
          <reporter-output>
          </reporter-output>
        </test-method> <!-- setUp -->
        <test-method signature="testPastDateValidation()[pri:0, instance:com.srm.hackathon.curahealth.tests.AppointmentTest@45752059]" started-at="2026-04-15T19:12:35 IST" name="testPastDateValidation" finished-at="2026-04-15T19:12:38 IST" duration-ms="2877" status="FAIL">
          <exception class="java.lang.AssertionError">
            <message>
              <![CDATA[Past date was accepted and user navigated to confirmation page, but it should be rejected expected [true] but found [false]]]>
            </message>
            <full-stacktrace>
              <![CDATA[java.lang.AssertionError: Past date was accepted and user navigated to confirmation page, but it should be rejected expected [true] but found [false]
at org.testng.Assert.fail(Assert.java:111)
at org.testng.Assert.failNotEquals(Assert.java:1590)
at org.testng.Assert.assertTrue(Assert.java:57)
at com.srm.hackathon.curahealth.tests.AppointmentTest.testPastDateValidation(AppointmentTest.java:58)
at java.base/jdk.internal.reflect.NativeMethodAccessorImpl.invoke0(Native Method)
at java.base/jdk.internal.reflect.NativeMethodAccessorImpl.invoke(NativeMethodAccessorImpl.java:77)
at java.base/jdk.internal.reflect.DelegatingMethodAccessorImpl.invoke(DelegatingMethodAccessorImpl.java:43)
at java.base/java.lang.reflect.Method.invoke(Method.java:568)
at org.testng.internal.invokers.MethodInvocationHelper.invokeMethod(MethodInvocationHelper.java:141)
at org.testng.internal.invokers.TestInvoker.invokeMethod(TestInvoker.java:687)
at org.testng.internal.invokers.TestInvoker.invokeTestMethod(TestInvoker.java:230)
at org.testng.internal.invokers.MethodRunner.runInSequence(MethodRunner.java:63)
at org.testng.internal.invokers.TestInvoker$MethodInvocationAgent.invoke(TestInvoker.java:995)
at org.testng.internal.invokers.TestInvoker.invokeTestMethods(TestInvoker.java:203)
at org.testng.internal.invokers.TestMethodWorker.invokeTestMethods(TestMethodWorker.java:154)
at org.testng.internal.invokers.TestMethodWorker.run(TestMethodWorker.java:134)
at java.base/java.util.ArrayList.forEach(ArrayList.java:1511)
at org.testng.TestRunner.privateRun(TestRunner.java:741)
at org.testng.TestRunner.run(TestRunner.java:616)
at org.testng.SuiteRunner.runTest(SuiteRunner.java:421)
at org.testng.SuiteRunner.runSequentially(SuiteRunner.java:413)
at org.testng.SuiteRunner.privateRun(SuiteRunner.java:373)
at org.testng.SuiteRunner.run(SuiteRunner.java:312)
at org.testng.SuiteRunnerWorker.runSuite(SuiteRunnerWorker.java:52)
at org.testng.SuiteRunnerWorker.run(SuiteRunnerWorker.java:95)
at org.testng.TestNG.runSuitesSequentially(TestNG.java:1274)
at org.testng.TestNG.runSuitesLocally(TestNG.java:1208)
at org.testng.TestNG.runSuites(TestNG.java:1112)
at org.testng.TestNG.run(TestNG.java:1079)
at org.testng.remote.AbstractRemoteTestNG.run(AbstractRemoteTestNG.java:115)
at org.testng.remote.RemoteTestNG.initAndRun(RemoteTestNG.java:293)
at org.testng.remote.RemoteTestNG.main(RemoteTestNG.java:91)
]]>
            </full-stacktrace>
          </exception> <!-- java.lang.AssertionError -->
          <reporter-output>
          </reporter-output>
        </test-method> <!-- testPastDateValidation -->
        <test-method is-config="true" signature="tearDown()[pri:0, instance:com.srm.hackathon.curahealth.tests.AppointmentTest@45752059]" started-at="2026-04-15T19:12:38 IST" name="tearDown" finished-at="2026-04-15T19:12:38 IST" duration-ms="154" status="PASS">
          <reporter-output>
          </reporter-output>
        </test-method> <!-- tearDown -->
      </class> <!-- com.srm.hackathon.curahealth.tests.AppointmentTest -->
    </test> <!-- Default test -->
  </suite> <!-- Default suite -->
</testng-results>
