<?xml version="1.0" encoding="UTF-8"?>
<testng-results ignored="0" total="14" passed="14" failed="0" skipped="0">
  <reporter-output>
  </reporter-output>
  <suite started-at="2026-04-16T10:38:21 IST" name="CuraHealthSuite" finished-at="2026-04-16T10:39:01 IST" duration-ms="40389">
    <groups>
    </groups>
    <test started-at="2026-04-16T10:38:21 IST" name="AppointmentHistoryTests" finished-at="2026-04-16T10:38:34 IST" duration-ms="13337">
      <class name="com.srm.hackathon.curahealth.tests.AppointmentHistoryTest">
        <test-method is-config="true" signature="setUp()[pri:0, instance:com.srm.hackathon.curahealth.tests.AppointmentHistoryTest@77659b30]" started-at="2026-04-16T10:38:21 IST" name="setUp" finished-at="2026-04-16T10:38:29 IST" duration-ms="7908" status="PASS">
          <reporter-output>
          </reporter-output>
        </test-method> <!-- setUp -->
        <test-method signature="testAppointmentHistory()[pri:0, instance:com.srm.hackathon.curahealth.tests.AppointmentHistoryTest@77659b30]" started-at="2026-04-16T10:38:29 IST" name="testAppointmentHistory" finished-at="2026-04-16T10:38:34 IST" duration-ms="5075" status="PASS">
          <reporter-output>
          </reporter-output>
        </test-method> <!-- testAppointmentHistory -->
        <test-method is-config="true" signature="tearDown()[pri:0, instance:com.srm.hackathon.curahealth.tests.AppointmentHistoryTest@77659b30]" started-at="2026-04-16T10:38:34 IST" name="tearDown" finished-at="2026-04-16T10:38:34 IST" duration-ms="266" status="PASS">
          <reporter-output>
          </reporter-output>
        </test-method> <!-- tearDown -->
      </class> <!-- com.srm.hackathon.curahealth.tests.AppointmentHistoryTest -->
    </test> <!-- AppointmentHistoryTests -->
    <test started-at="2026-04-16T10:38:21 IST" name="MultipleAppointmentsTests" finished-at="2026-04-16T10:38:37 IST" duration-ms="15555">
      <class name="com.srm.hackathon.curahealth.tests.MultipleAppointmentsTest">
        <test-method is-config="true" signature="setUp()[pri:0, instance:com.srm.hackathon.curahealth.tests.MultipleAppointmentsTest@6f8e8894]" started-at="2026-04-16T10:38:21 IST" name="setUp" finished-at="2026-04-16T10:38:26 IST" duration-ms="5011" status="PASS">
          <reporter-output>
          </reporter-output>
        </test-method> <!-- setUp -->
        <test-method signature="testMultipleAppointments()[pri:0, instance:com.srm.hackathon.curahealth.tests.MultipleAppointmentsTest@6f8e8894]" started-at="2026-04-16T10:38:26 IST" name="testMultipleAppointments" finished-at="2026-04-16T10:38:36 IST" duration-ms="10282" status="PASS">
          <reporter-output>
          </reporter-output>
        </test-method> <!-- testMultipleAppointments -->
        <test-method is-config="true" signature="tearDown()[pri:0, instance:com.srm.hackathon.curahealth.tests.MultipleAppointmentsTest@6f8e8894]" started-at="2026-04-16T10:38:36 IST" name="tearDown" finished-at="2026-04-16T10:38:37 IST" duration-ms="179" status="PASS">
          <reporter-output>
          </reporter-output>
        </test-method> <!-- tearDown -->
      </class> <!-- com.srm.hackathon.curahealth.tests.MultipleAppointmentsTest -->
    </test> <!-- MultipleAppointmentsTests -->
    <test started-at="2026-04-16T10:38:21 IST" name="AppointmentBookingTests" finished-at="2026-04-16T10:38:48 IST" duration-ms="27098">
      <class name="com.srm.hackathon.curahealth.tests.AppointmentBookingTest">
        <test-method is-config="true" signature="setUp()[pri:0, instance:com.srm.hackathon.curahealth.tests.AppointmentBookingTest@1b410b60]" started-at="2026-04-16T10:38:21 IST" name="setUp" finished-at="2026-04-16T10:38:28 IST" duration-ms="6549" status="PASS">
          <reporter-output>
          </reporter-output>
        </test-method> <!-- setUp -->
        <test-method signature="testBookAppointment(com.google.gson.JsonObject)[pri:0, instance:com.srm.hackathon.curahealth.tests.AppointmentBookingTest@1b410b60]" started-at="2026-04-16T10:38:28 IST" name="testBookAppointment" data-provider="appointmentData" finished-at="2026-04-16T10:38:33 IST" duration-ms="5164" status="PASS">
          <params>
            <param index="0">
              <value>
                <![CDATA[{"facility":"Hongkong CURA Healthcare Center","program":"Medicare","date":"30/04/2026","comment":"Test Booking"}]]>
              </value>
            </param>
          </params>
          <reporter-output>
          </reporter-output>
        </test-method> <!-- testBookAppointment -->
        <test-method is-config="true" signature="tearDown()[pri:0, instance:com.srm.hackathon.curahealth.tests.AppointmentBookingTest@1b410b60]" started-at="2026-04-16T10:38:33 IST" name="tearDown" finished-at="2026-04-16T10:38:33 IST" duration-ms="349" status="PASS">
          <reporter-output>
          </reporter-output>
        </test-method> <!-- tearDown -->
        <test-method is-config="true" signature="setUp()[pri:0, instance:com.srm.hackathon.curahealth.tests.AppointmentBookingTest@1b410b60]" started-at="2026-04-16T10:38:33 IST" name="setUp" finished-at="2026-04-16T10:38:37 IST" duration-ms="3484" status="PASS">
          <reporter-output>
          </reporter-output>
        </test-method> <!-- setUp -->
        <test-method signature="testBookAppointment(com.google.gson.JsonObject)[pri:0, instance:com.srm.hackathon.curahealth.tests.AppointmentBookingTest@1b410b60]" started-at="2026-04-16T10:38:37 IST" name="testBookAppointment" data-provider="appointmentData" finished-at="2026-04-16T10:38:41 IST" duration-ms="4517" status="PASS">
          <params>
            <param index="0">
              <value>
                <![CDATA[{"facility":"Tokyo CURA Healthcare Center","program":"Medicaid","date":"25/04/2026","comment":"History Test"}]]>
              </value>
            </param>
          </params>
          <reporter-output>
          </reporter-output>
        </test-method> <!-- testBookAppointment -->
        <test-method is-config="true" signature="tearDown()[pri:0, instance:com.srm.hackathon.curahealth.tests.AppointmentBookingTest@1b410b60]" started-at="2026-04-16T10:38:41 IST" name="tearDown" finished-at="2026-04-16T10:38:41 IST" duration-ms="188" status="PASS">
          <reporter-output>
          </reporter-output>
        </test-method> <!-- tearDown -->
        <test-method is-config="true" signature="setUp()[pri:0, instance:com.srm.hackathon.curahealth.tests.AppointmentBookingTest@1b410b60]" started-at="2026-04-16T10:38:41 IST" name="setUp" finished-at="2026-04-16T10:38:45 IST" duration-ms="3871" status="PASS">
          <reporter-output>
          </reporter-output>
        </test-method> <!-- setUp -->
        <test-method signature="testPastDateValidation()[pri:0, instance:com.srm.hackathon.curahealth.tests.AppointmentBookingTest@1b410b60]" started-at="2026-04-16T10:38:45 IST" name="testPastDateValidation" finished-at="2026-04-16T10:38:48 IST" duration-ms="2668" status="PASS">
          <reporter-output>
          </reporter-output>
        </test-method> <!-- testPastDateValidation -->
        <test-method is-config="true" signature="tearDown()[pri:0, instance:com.srm.hackathon.curahealth.tests.AppointmentBookingTest@1b410b60]" started-at="2026-04-16T10:38:48 IST" name="tearDown" finished-at="2026-04-16T10:38:48 IST" duration-ms="143" status="PASS">
          <reporter-output>
          </reporter-output>
        </test-method> <!-- tearDown -->
      </class> <!-- com.srm.hackathon.curahealth.tests.AppointmentBookingTest -->
    </test> <!-- AppointmentBookingTests -->
    <test started-at="2026-04-16T10:38:21 IST" name="FormValidationTests" finished-at="2026-04-16T10:38:59 IST" duration-ms="38332">
      <class name="com.srm.hackathon.curahealth.tests.FormValidationTest">
        <test-method is-config="true" signature="setUp()[pri:0, instance:com.srm.hackathon.curahealth.tests.FormValidationTest@4b2c5e02]" started-at="2026-04-16T10:38:21 IST" name="setUp" finished-at="2026-04-16T10:38:28 IST" duration-ms="6748" status="PASS">
          <reporter-output>
          </reporter-output>
        </test-method> <!-- setUp -->
        <test-method signature="testEmptyDateValidation()[pri:0, instance:com.srm.hackathon.curahealth.tests.FormValidationTest@4b2c5e02]" started-at="2026-04-16T10:38:28 IST" name="testEmptyDateValidation" finished-at="2026-04-16T10:38:31 IST" duration-ms="3573" status="PASS">
          <reporter-output>
          </reporter-output>
        </test-method> <!-- testEmptyDateValidation -->
        <test-method is-config="true" signature="tearDown()[pri:0, instance:com.srm.hackathon.curahealth.tests.FormValidationTest@4b2c5e02]" started-at="2026-04-16T10:38:31 IST" name="tearDown" finished-at="2026-04-16T10:38:32 IST" duration-ms="220" status="PASS">
          <reporter-output>
          </reporter-output>
        </test-method> <!-- tearDown -->
        <test-method is-config="true" signature="setUp()[pri:0, instance:com.srm.hackathon.curahealth.tests.FormValidationTest@4b2c5e02]" started-at="2026-04-16T10:38:32 IST" name="setUp" finished-at="2026-04-16T10:38:36 IST" duration-ms="4601" status="PASS">
          <reporter-output>
          </reporter-output>
        </test-method> <!-- setUp -->
        <test-method signature="testEmptyLogin()[pri:0, instance:com.srm.hackathon.curahealth.tests.FormValidationTest@4b2c5e02]" started-at="2026-04-16T10:38:36 IST" name="testEmptyLogin" finished-at="2026-04-16T10:38:39 IST" duration-ms="3093" status="PASS">
          <reporter-output>
          </reporter-output>
        </test-method> <!-- testEmptyLogin -->
        <test-method is-config="true" signature="tearDown()[pri:0, instance:com.srm.hackathon.curahealth.tests.FormValidationTest@4b2c5e02]" started-at="2026-04-16T10:38:39 IST" name="tearDown" finished-at="2026-04-16T10:38:40 IST" duration-ms="153" status="PASS">
          <reporter-output>
          </reporter-output>
        </test-method> <!-- tearDown -->
        <test-method is-config="true" signature="setUp()[pri:0, instance:com.srm.hackathon.curahealth.tests.FormValidationTest@4b2c5e02]" started-at="2026-04-16T10:38:40 IST" name="setUp" finished-at="2026-04-16T10:38:46 IST" duration-ms="6859" status="PASS">
          <reporter-output>
          </reporter-output>
        </test-method> <!-- setUp -->
        <test-method signature="testLongComment(com.google.gson.JsonObject)[pri:0, instance:com.srm.hackathon.curahealth.tests.FormValidationTest@4b2c5e02]" started-at="2026-04-16T10:38:46 IST" name="testLongComment" data-provider="appointmentData" finished-at="2026-04-16T10:38:52 IST" duration-ms="5862" status="PASS">
          <params>
            <param index="0">
              <value>
                <![CDATA[{"facility":"Hongkong CURA Healthcare Center","program":"Medicare","date":"30/04/2026","comment":"Test Booking"}]]>
              </value>
            </param>
          </params>
          <reporter-output>
          </reporter-output>
        </test-method> <!-- testLongComment -->
        <test-method is-config="true" signature="tearDown()[pri:0, instance:com.srm.hackathon.curahealth.tests.FormValidationTest@4b2c5e02]" started-at="2026-04-16T10:38:52 IST" name="tearDown" finished-at="2026-04-16T10:38:52 IST" duration-ms="115" status="PASS">
          <reporter-output>
          </reporter-output>
        </test-method> <!-- tearDown -->
        <test-method is-config="true" signature="setUp()[pri:0, instance:com.srm.hackathon.curahealth.tests.FormValidationTest@4b2c5e02]" started-at="2026-04-16T10:38:52 IST" name="setUp" finished-at="2026-04-16T10:38:56 IST" duration-ms="3511" status="PASS">
          <reporter-output>
          </reporter-output>
        </test-method> <!-- setUp -->
        <test-method signature="testLongComment(com.google.gson.JsonObject)[pri:0, instance:com.srm.hackathon.curahealth.tests.FormValidationTest@4b2c5e02]" started-at="2026-04-16T10:38:56 IST" name="testLongComment" data-provider="appointmentData" finished-at="2026-04-16T10:38:59 IST" duration-ms="3378" status="PASS">
          <params>
            <param index="0">
              <value>
                <![CDATA[{"facility":"Tokyo CURA Healthcare Center","program":"Medicaid","date":"25/04/2026","comment":"History Test"}]]>
              </value>
            </param>
          </params>
          <reporter-output>
          </reporter-output>
        </test-method> <!-- testLongComment -->
        <test-method is-config="true" signature="tearDown()[pri:0, instance:com.srm.hackathon.curahealth.tests.FormValidationTest@4b2c5e02]" started-at="2026-04-16T10:38:59 IST" name="tearDown" finished-at="2026-04-16T10:38:59 IST" duration-ms="124" status="PASS">
          <reporter-output>
          </reporter-output>
        </test-method> <!-- tearDown -->
      </class> <!-- com.srm.hackathon.curahealth.tests.FormValidationTest -->
    </test> <!-- FormValidationTests -->
    <test started-at="2026-04-16T10:38:21 IST" name="AuthenticationTests" finished-at="2026-04-16T10:39:01 IST" duration-ms="40389">
      <class name="com.srm.hackathon.curahealth.tests.AuthenticationTest">
        <test-method is-config="true" signature="setUp()[pri:0, instance:com.srm.hackathon.curahealth.tests.AuthenticationTest@1c9b0314]" started-at="2026-04-16T10:38:23 IST" name="setUp" finished-at="2026-04-16T10:38:28 IST" duration-ms="5406" status="PASS">
          <reporter-output>
          </reporter-output>
        </test-method> <!-- setUp -->
        <test-method signature="testLogin(java.lang.String,java.lang.String,java.lang.String)[pri:0, instance:com.srm.hackathon.curahealth.tests.AuthenticationTest@1c9b0314]" started-at="2026-04-16T10:38:28 IST" name="testLogin" data-provider="loginData" finished-at="2026-04-16T10:38:31 IST" duration-ms="2542" status="PASS">
          <params>
            <param index="0">
              <value>
                <![CDATA[John Doe]]>
              </value>
            </param>
            <param index="1">
              <value>
                <![CDATA[ThisIsNotAPassword]]>
              </value>
            </param>
            <param index="2">
              <value>
                <![CDATA[valid]]>
              </value>
            </param>
          </params>
          <reporter-output>
          </reporter-output>
        </test-method> <!-- testLogin -->
        <test-method is-config="true" signature="tearDown()[pri:0, instance:com.srm.hackathon.curahealth.tests.AuthenticationTest@1c9b0314]" started-at="2026-04-16T10:38:31 IST" name="tearDown" finished-at="2026-04-16T10:38:31 IST" duration-ms="365" status="PASS">
          <reporter-output>
          </reporter-output>
        </test-method> <!-- tearDown -->
        <test-method is-config="true" signature="setUp()[pri:0, instance:com.srm.hackathon.curahealth.tests.AuthenticationTest@1c9b0314]" started-at="2026-04-16T10:38:31 IST" name="setUp" finished-at="2026-04-16T10:38:36 IST" duration-ms="5050" status="PASS">
          <reporter-output>
          </reporter-output>
        </test-method> <!-- setUp -->
        <test-method signature="testLogin(java.lang.String,java.lang.String,java.lang.String)[pri:0, instance:com.srm.hackathon.curahealth.tests.AuthenticationTest@1c9b0314]" started-at="2026-04-16T10:38:36 IST" name="testLogin" data-provider="loginData" finished-at="2026-04-16T10:38:39 IST" duration-ms="2657" status="PASS">
          <params>
            <param index="0">
              <value>
                <![CDATA[invalidUser]]>
              </value>
            </param>
            <param index="1">
              <value>
                <![CDATA[invalidPass]]>
              </value>
            </param>
            <param index="2">
              <value>
                <![CDATA[invalid]]>
              </value>
            </param>
          </params>
          <reporter-output>
          </reporter-output>
        </test-method> <!-- testLogin -->
        <test-method is-config="true" signature="tearDown()[pri:0, instance:com.srm.hackathon.curahealth.tests.AuthenticationTest@1c9b0314]" started-at="2026-04-16T10:38:39 IST" name="tearDown" finished-at="2026-04-16T10:38:39 IST" duration-ms="175" status="PASS">
          <reporter-output>
          </reporter-output>
        </test-method> <!-- tearDown -->
        <test-method is-config="true" signature="setUp()[pri:0, instance:com.srm.hackathon.curahealth.tests.AuthenticationTest@1c9b0314]" started-at="2026-04-16T10:38:39 IST" name="setUp" finished-at="2026-04-16T10:38:42 IST" duration-ms="3136" status="PASS">
          <reporter-output>
          </reporter-output>
        </test-method> <!-- setUp -->
        <test-method signature="testLogin(java.lang.String,java.lang.String,java.lang.String)[pri:0, instance:com.srm.hackathon.curahealth.tests.AuthenticationTest@1c9b0314]" started-at="2026-04-16T10:38:42 IST" name="testLogin" data-provider="loginData" finished-at="2026-04-16T10:38:44 IST" duration-ms="2103" status="PASS">
          <params>
            <param index="0">
              <value>
                <![CDATA[]]>
              </value>
            </param>
            <param index="1">
              <value>
                <![CDATA[]]>
              </value>
            </param>
            <param index="2">
              <value>
                <![CDATA[]]>
              </value>
            </param>
          </params>
          <reporter-output>
          </reporter-output>
        </test-method> <!-- testLogin -->
        <test-method is-config="true" signature="tearDown()[pri:0, instance:com.srm.hackathon.curahealth.tests.AuthenticationTest@1c9b0314]" started-at="2026-04-16T10:38:44 IST" name="tearDown" finished-at="2026-04-16T10:38:44 IST" duration-ms="139" status="PASS">
          <reporter-output>
          </reporter-output>
        </test-method> <!-- tearDown -->
        <test-method is-config="true" signature="setUp()[pri:0, instance:com.srm.hackathon.curahealth.tests.AuthenticationTest@1c9b0314]" started-at="2026-04-16T10:38:44 IST" name="setUp" finished-at="2026-04-16T10:38:53 IST" duration-ms="8774" status="PASS">
          <reporter-output>
          </reporter-output>
        </test-method> <!-- setUp -->
        <test-method signature="testLogout()[pri:0, instance:com.srm.hackathon.curahealth.tests.AuthenticationTest@1c9b0314]" started-at="2026-04-16T10:38:53 IST" name="testLogout" finished-at="2026-04-16T10:38:56 IST" duration-ms="2910" status="PASS">
          <reporter-output>
          </reporter-output>
        </test-method> <!-- testLogout -->
        <test-method is-config="true" signature="tearDown()[pri:0, instance:com.srm.hackathon.curahealth.tests.AuthenticationTest@1c9b0314]" started-at="2026-04-16T10:38:56 IST" name="tearDown" finished-at="2026-04-16T10:38:56 IST" duration-ms="123" status="PASS">
          <reporter-output>
          </reporter-output>
        </test-method> <!-- tearDown -->
        <test-method is-config="true" signature="setUp()[pri:0, instance:com.srm.hackathon.curahealth.tests.AuthenticationTest@1c9b0314]" started-at="2026-04-16T10:38:56 IST" name="setUp" finished-at="2026-04-16T10:39:00 IST" duration-ms="4432" status="PASS">
          <reporter-output>
          </reporter-output>
        </test-method> <!-- setUp -->
        <test-method signature="testUnauthorizedAccess()[pri:0, instance:com.srm.hackathon.curahealth.tests.AuthenticationTest@1c9b0314]" started-at="2026-04-16T10:39:00 IST" name="testUnauthorizedAccess" finished-at="2026-04-16T10:39:01 IST" duration-ms="777" status="PASS">
          <reporter-output>
          </reporter-output>
        </test-method> <!-- testUnauthorizedAccess -->
        <test-method is-config="true" signature="tearDown()[pri:0, instance:com.srm.hackathon.curahealth.tests.AuthenticationTest@1c9b0314]" started-at="2026-04-16T10:39:01 IST" name="tearDown" finished-at="2026-04-16T10:39:01 IST" duration-ms="153" status="PASS">
          <reporter-output>
          </reporter-output>
        </test-method> <!-- tearDown -->
      </class> <!-- com.srm.hackathon.curahealth.tests.AuthenticationTest -->
    </test> <!-- AuthenticationTests -->
  </suite> <!-- CuraHealthSuite -->
</testng-results>
