<?xml version="1.0" encoding="UTF-8"?>
<!-- Generated by org.testng.reporters.JUnitReportReporter -->
<testsuite hostname="Mickey" failures="0" tests="3" name="com.srm.hackathon.curahealth.tests.AppointmentBookingTest" time="26.933" errors="0" timestamp="2026-04-16T10:39:02 IST" skipped="0">
  <testcase classname="com.srm.hackathon.curahealth.tests.AppointmentBookingTest" name="testBookAppointment" time="11.415"/>
  <testcase classname="com.srm.hackathon.curahealth.tests.AppointmentBookingTest" name="testBookAppointment" time="9.178"/>
  <testcase classname="com.srm.hackathon.curahealth.tests.AppointmentBookingTest" name="testPastDateValidation" time="6.340"/>
</testsuite> <!-- com.srm.hackathon.curahealth.tests.AppointmentBookingTest -->
