<?xml version="1.0" encoding="UTF-8"?>
<!-- Generated by org.testng.reporters.JUnitReportReporter -->
<testsuite hostname="Mickey" failures="0" tests="5" name="com.srm.hackathon.curahealth.tests.AuthenticationTest" time="38.742" errors="0" timestamp="2026-04-16T10:39:02 IST" skipped="0">
  <testcase classname="com.srm.hackathon.curahealth.tests.AuthenticationTest" name="testLogin" time="5.604"/>
  <testcase classname="com.srm.hackathon.curahealth.tests.AuthenticationTest" name="testLogout" time="11.807"/>
  <testcase classname="com.srm.hackathon.curahealth.tests.AuthenticationTest" name="testUnauthorizedAccess" time="5.966"/>
  <testcase classname="com.srm.hackathon.curahealth.tests.AuthenticationTest" name="testLogin" time="7.149"/>
  <testcase classname="com.srm.hackathon.curahealth.tests.AuthenticationTest" name="testLogin" time="8.216"/>
</testsuite> <!-- com.srm.hackathon.curahealth.tests.AuthenticationTest -->
