<?xml version="1.0" encoding="UTF-8"?>
<!-- Generated by org.testng.reporters.JUnitReportReporter -->
<testsuite hostname="Mickey" failures="0" tests="5" name="com.srm.hackathon.curahealth.tests.LoginTest" time="51.130" errors="0" timestamp="2026-04-15T18:22:11 IST" skipped="0">
  <testcase classname="com.srm.hackathon.curahealth.tests.LoginTest" name="testUnauthorizedAccess" time="11.832"/>
  <testcase classname="com.srm.hackathon.curahealth.tests.LoginTest" name="testLogout" time="15.293"/>
  <testcase classname="com.srm.hackathon.curahealth.tests.LoginTest" name="testLogin" time="7.601"/>
  <testcase classname="com.srm.hackathon.curahealth.tests.LoginTest" name="testLogin" time="8.089"/>
  <testcase classname="com.srm.hackathon.curahealth.tests.LoginTest" name="testLogin" time="8.315"/>
</testsuite> <!-- com.srm.hackathon.curahealth.tests.LoginTest -->
