<?xml version="1.0" encoding="UTF-8"?>
<!-- Generated by org.testng.reporters.JUnitReportReporter -->
<testsuite hostname="Mickey" failures="0" tests="3" name="com.srm.hackathon.curahealth.tests.AppointmentBookingTest" time="32.984" errors="0" timestamp="2026-04-16T10:15:03 IST" skipped="0">
  <testcase classname="com.srm.hackathon.curahealth.tests.AppointmentBookingTest" name="testPastDateValidation" time="8.247"/>
  <testcase classname="com.srm.hackathon.curahealth.tests.AppointmentBookingTest" name="testBookAppointment" time="9.058"/>
  <testcase classname="com.srm.hackathon.curahealth.tests.AppointmentBookingTest" name="testBookAppointment" time="15.679"/>
</testsuite> <!-- com.srm.hackathon.curahealth.tests.AppointmentBookingTest -->
