<?xml version="1.0" encoding="UTF-8"?>
<!-- Generated by org.testng.reporters.JUnitReportReporter -->
<testsuite hostname="Mickey" failures="0" tests="3" name="com.srm.hackathon.curahealth.tests.FormValidationTest" time="26.969" errors="0" timestamp="2026-04-16T10:15:03 IST" skipped="0">
  <testcase classname="com.srm.hackathon.curahealth.tests.FormValidationTest" name="testEmptyLogin" time="6.138"/>
  <testcase classname="com.srm.hackathon.curahealth.tests.FormValidationTest" name="testLongComment" time="10.209"/>
  <testcase classname="com.srm.hackathon.curahealth.tests.FormValidationTest" name="testEmptyDateValidation" time="10.622"/>
</testsuite> <!-- com.srm.hackathon.curahealth.tests.FormValidationTest -->
