<?xml version="1.0" encoding="UTF-8"?>
<!-- Generated by org.testng.reporters.JUnitReportReporter -->
<testsuite hostname="Mickey" failures="0" tests="4" name="com.srm.hackathon.curahealth.tests.FormValidationTest" time="38.237" errors="0" timestamp="2026-04-16T10:39:02 IST" skipped="0">
  <testcase classname="com.srm.hackathon.curahealth.tests.FormValidationTest" name="testEmptyDateValidation" time="8.289"/>
  <testcase classname="com.srm.hackathon.curahealth.tests.FormValidationTest" name="testEmptyLogin" time="9.994"/>
  <testcase classname="com.srm.hackathon.curahealth.tests.FormValidationTest" name="testLongComment" time="12.845"/>
  <testcase classname="com.srm.hackathon.curahealth.tests.FormValidationTest" name="testLongComment" time="7.109"/>
</testsuite> <!-- com.srm.hackathon.curahealth.tests.FormValidationTest -->
