<?xml version="1.0" encoding="UTF-8"?>
<!-- Generated by org.testng.reporters.JUnitReportReporter -->
<testsuite hostname="Mickey" failures="0" tests="5" name="com.srm.hackathon.curahealth.tests.LoginTest" time="35.714" errors="0" timestamp="2026-04-15T17:36:45 IST" skipped="0">
  <testcase classname="com.srm.hackathon.curahealth.tests.LoginTest" name="testLogin" time="7.215"/>
  <testcase classname="com.srm.hackathon.curahealth.tests.LoginTest" name="testLogout" time="6.810"/>
  <testcase classname="com.srm.hackathon.curahealth.tests.LoginTest" name="testUnauthorizedAccess" time="6.357"/>
  <testcase classname="com.srm.hackathon.curahealth.tests.LoginTest" name="testLogin" time="6.909"/>
  <testcase classname="com.srm.hackathon.curahealth.tests.LoginTest" name="testLogin" time="8.423"/>
</testsuite> <!-- com.srm.hackathon.curahealth.tests.LoginTest -->
