<?xml version="1.0" encoding="UTF-8"?>
<!-- Generated by org.testng.reporters.JUnitReportReporter -->
<testsuite hostname="Mickey" failures="0" tests="1" name="com.srm.hackathon.curahealth.tests.AppointmentHistoryTest" time="13.249" errors="0" timestamp="2026-04-16T10:39:02 IST" skipped="0">
  <testcase classname="com.srm.hackathon.curahealth.tests.AppointmentHistoryTest" name="testAppointmentHistory" time="13.249"/>
</testsuite> <!-- com.srm.hackathon.curahealth.tests.AppointmentHistoryTest -->
