<?xml version="1.0" encoding="UTF-8"?>
<!-- Generated by org.testng.reporters.JUnitReportReporter -->
<testsuite hostname="Mickey" failures="0" tests="3" name="com.srm.hackathon.curahealth.tests.FormValidationTest" time="42.163" errors="0" timestamp="2026-04-16T10:13:46 IST" skipped="0">
  <testcase classname="com.srm.hackathon.curahealth.tests.FormValidationTest" name="testEmptyDateValidation" time="14.090"/>
  <testcase classname="com.srm.hackathon.curahealth.tests.FormValidationTest" name="testEmptyLogin" time="19.340"/>
  <testcase classname="com.srm.hackathon.curahealth.tests.FormValidationTest" name="testLongComment" time="8.733"/>
</testsuite> <!-- com.srm.hackathon.curahealth.tests.FormValidationTest -->
