<?xml version="1.0" encoding="UTF-8"?>
<!-- Generated by org.testng.reporters.JUnitReportReporter -->
<testsuite hostname="Mickey" failures="0" tests="5" name="com.srm.hackathon.curahealth.tests.AuthenticationTest" time="146.940" errors="0" timestamp="2026-04-16T10:36:54 IST" skipped="0">
  <testcase classname="com.srm.hackathon.curahealth.tests.AuthenticationTest" name="testLogin" time="30.216"/>
  <testcase classname="com.srm.hackathon.curahealth.tests.AuthenticationTest" name="testLogin" time="91.749"/>
  <testcase classname="com.srm.hackathon.curahealth.tests.AuthenticationTest" name="testLogout" time="9.890"/>
  <testcase classname="com.srm.hackathon.curahealth.tests.AuthenticationTest" name="testUnauthorizedAccess" time="5.697"/>
  <testcase classname="com.srm.hackathon.curahealth.tests.AuthenticationTest" name="testLogin" time="9.388"/>
</testsuite> <!-- com.srm.hackathon.curahealth.tests.AuthenticationTest -->
