<?xml version="1.0" encoding="UTF-8"?>
<!-- Generated by org.testng.reporters.JUnitReportReporter -->
<testsuite hostname="Mickey" failures="0" tests="5" name="com.srm.hackathon.curahealth.tests.AuthenticationTest" time="184.568" errors="0" timestamp="2026-04-16T10:13:46 IST" skipped="0">
  <testcase classname="com.srm.hackathon.curahealth.tests.AuthenticationTest" name="testLogin" time="10.640"/>
  <testcase classname="com.srm.hackathon.curahealth.tests.AuthenticationTest" name="testUnauthorizedAccess" time="143.646"/>
  <testcase classname="com.srm.hackathon.curahealth.tests.AuthenticationTest" name="testLogin" time="5.280"/>
  <testcase classname="com.srm.hackathon.curahealth.tests.AuthenticationTest" name="testLogin" time="9.759"/>
  <testcase classname="com.srm.hackathon.curahealth.tests.AuthenticationTest" name="testLogout" time="15.243"/>
</testsuite> <!-- com.srm.hackathon.curahealth.tests.AuthenticationTest -->
