<?xml version="1.0" encoding="UTF-8"?>
<!-- Generated by org.testng.reporters.JUnitReportReporter -->
<testsuite hostname="Mickey" failures="0" tests="3" name="com.srm.hackathon.curahealth.tests.AppointmentBookingTest" time="34.085" errors="0" timestamp="2026-04-16T10:13:46 IST" skipped="0">
  <testcase classname="com.srm.hackathon.curahealth.tests.AppointmentBookingTest" name="testBookAppointment" time="11.790"/>
  <testcase classname="com.srm.hackathon.curahealth.tests.AppointmentBookingTest" name="testBookAppointment" time="11.306"/>
  <testcase classname="com.srm.hackathon.curahealth.tests.AppointmentBookingTest" name="testPastDateValidation" time="10.989"/>
</testsuite> <!-- com.srm.hackathon.curahealth.tests.AppointmentBookingTest -->
