<?xml version="1.0" encoding="UTF-8"?>
<!-- Generated by org.testng.reporters.JUnitReportReporter -->
<testsuite hostname="Mickey" failures="0" tests="1" name="com.srm.hackathon.curahealth.tests.MultipleAppointmentsTest" time="20.571" errors="0" timestamp="2026-04-16T10:13:46 IST" skipped="0">
  <testcase classname="com.srm.hackathon.curahealth.tests.MultipleAppointmentsTest" name="testMultipleAppointments" time="20.571"/>
</testsuite> <!-- com.srm.hackathon.curahealth.tests.MultipleAppointmentsTest -->
